   1              		.file	"main.cpp"
   2              		.text
   3              		.p2align 4,,15
   4              		.globl	__Z11farsh_keyedPKvjS0_
   6              	__Z11farsh_keyedPKvjS0_:
   7 0000 55       		pushl	%ebp
   8 0001 57       		pushl	%edi
   9 0002 56       		pushl	%esi
  10 0003 53       		pushl	%ebx
  11 0004 83EC54   		subl	$84, %esp
  12 0007 8B44246C 		movl	108(%esp), %eax
  13 000b 8B7C2468 		movl	104(%esp), %edi
  14 000f 01C7     		addl	%eax, %edi
  15 0011 397C2468 		cmpl	%edi, 104(%esp)
  16 0015 897C2424 		movl	%edi, 36(%esp)
  17 0019 0F833204 		jae	L18
  17      0000
  18 001f 3D000400 		cmpl	$1024, %eax
  18      00
  19 0024 BA000400 		movl	$1024, %edx
  19      00
  20 0029 8D7C2448 		leal	72(%esp), %edi
  21 002d 0F46D0   		cmovbe	%eax, %edx
  22 0030 B8000000 		movl	$0, %eax
  22      00
  23 0035 C7442434 		movl	$0, 52(%esp)
  23      00000000 
  24 003d 89D1     		movl	%edx, %ecx
  25 003f 89D6     		movl	%edx, %esi
  26 0041 89542414 		movl	%edx, 20(%esp)
  27 0045 C1E902   		shrl	$2, %ecx
  28 0048 C7442410 		movl	$0, 16(%esp)
  28      00000000 
  29 0050 C7442418 		movl	$0, 24(%esp)
  29      00000000 
  30 0058 83E1FE   		andl	$-2, %ecx
  31 005b C744241C 		movl	$0, 28(%esp)
  31      00000000 
  32 0063 894C240C 		movl	%ecx, 12(%esp)
  33 0067 C1E102   		sall	$2, %ecx
  34 006a 29CE     		subl	%ecx, %esi
  35 006c 894C2428 		movl	%ecx, 40(%esp)
  36 0070 89F2     		movl	%esi, %edx
  37 0072 89F1     		movl	%esi, %ecx
  38 0074 89F3     		movl	%esi, %ebx
  39 0076 0F45C7   		cmovne	%edi, %eax
  40 0079 83E202   		andl	$2, %edx
  41 007c 83E101   		andl	$1, %ecx
  42 007f C1EB02   		shrl	$2, %ebx
  43 0082 89742420 		movl	%esi, 32(%esp)
  44 0086 89442438 		movl	%eax, 56(%esp)
  45 008a 8954242C 		movl	%edx, 44(%esp)
  46 008e 894C2430 		movl	%ecx, 48(%esp)
  47 0092 895C243C 		movl	%ebx, 60(%esp)
  48 0096 8D76008D 		.p2align 4,,10
  48      BC270000 
  48      0000
  49              	L15:
  50 00a0 817C2414 		cmpl	$1024, 20(%esp)
  50      00040000 
  51 00a8 0F845202 		je	L60
  51      0000
  52 00ae 837C2420 		cmpl	$4, 32(%esp)
  52      04
  53 00b3 8B742468 		movl	104(%esp), %esi
  54 00b7 8D7C2448 		leal	72(%esp), %edi
  55 00bb 8B6C2428 		movl	40(%esp), %ebp
  56 00bf C7442448 		movl	$0, 72(%esp)
  56      00000000 
  57 00c7 C744244C 		movl	$0, 76(%esp)
  57      00000000 
  58 00cf 8D342E   		leal	(%esi,%ebp), %esi
  59 00d2 7206     		jb	L6
  60 00d4 8B4C243C 		movl	60(%esp), %ecx
  61 00d8 F3A5     		rep movsl
  62              	L6:
  63 00da 8B54242C 		movl	44(%esp), %edx
  64 00de 31ED     		xorl	%ebp, %ebp
  65 00e0 85D2     		testl	%edx, %edx
  66 00e2 740B     		je	L7
  67 00e4 0FB706   		movzwl	(%esi), %eax
  68 00e7 BD020000 		movl	$2, %ebp
  68      00
  69 00ec 668907   		movw	%ax, (%edi)
  70              	L7:
  71 00ef 8B5C2430 		movl	48(%esp), %ebx
  72 00f3 85DB     		testl	%ebx, %ebx
  73 00f5 7407     		je	L8
  74 00f7 0FB60C2E 		movzbl	(%esi,%ebp), %ecx
  75 00fb 880C2F   		movb	%cl, (%edi,%ebp)
  76              	L8:
  77 00fe 8B7C2420 		movl	32(%esp), %edi
  78 0102 85FF     		testl	%edi, %edi
  79 0104 0F84D602 		je	L61
  79      0000
  80 010a 8B54240C 		movl	12(%esp), %edx
  81 010e 85D2     		testl	%edx, %edx
  82 0110 0F841C03 		je	L62
  82      0000
  83              	L16:
  84 0116 8B442468 		movl	104(%esp), %eax
  85 011a 8B74240C 		movl	12(%esp), %esi
  86 011e 8B18     		movl	(%eax), %ebx
  87 0120 8B442470 		movl	112(%esp), %eax
  88 0124 8D4EFF   		leal	-1(%esi), %ecx
  89 0127 D1E9     		shrl	%ecx
  90 0129 0318     		addl	(%eax), %ebx
  91 012b 8B442468 		movl	104(%esp), %eax
  92 012f 83E103   		andl	$3, %ecx
  93 0132 8B5004   		movl	4(%eax), %edx
  94 0135 8B442470 		movl	112(%esp), %eax
  95 0139 8B7804   		movl	4(%eax), %edi
  96 013c 01D7     		addl	%edx, %edi
  97 013e 89F8     		movl	%edi, %eax
  98 0140 BF020000 		movl	$2, %edi
  98      00
  99 0145 F7E3     		mull	%ebx
 100 0147 83FE02   		cmpl	$2, %esi
 101 014a 890424   		movl	%eax, (%esp)
 102 014d 8B442468 		movl	104(%esp), %eax
 103 0151 89542404 		movl	%edx, 4(%esp)
 104 0155 8D5808   		leal	8(%eax), %ebx
 105 0158 8B442470 		movl	112(%esp), %eax
 106 015c 8D6808   		leal	8(%eax), %ebp
 107 015f 0F86F800 		jbe	L53
 107      0000
 108 0165 85C9     		testl	%ecx, %ecx
 109 0167 7477     		je	L56
 110 0169 83F901   		cmpl	$1, %ecx
 111 016c 744F     		je	L45
 112 016e 83F902   		cmpl	$2, %ecx
 113 0171 742D     		je	L46
 114 0173 8B4C2470 		movl	112(%esp), %ecx
 115 0177 8B03     		movl	(%ebx), %eax
 116 0179 BF040000 		movl	$4, %edi
 116      00
 117 017e 8B742470 		movl	112(%esp), %esi
 118 0182 034108   		addl	8(%ecx), %eax
 119 0185 89C2     		movl	%eax, %edx
 120 0187 8B4304   		movl	4(%ebx), %eax
 121 018a 034504   		addl	4(%ebp), %eax
 122 018d 8B6C2468 		movl	104(%esp), %ebp
 123 0191 F7E2     		mull	%edx
 124 0193 010424   		addl	%eax, (%esp)
 125 0196 8D5D10   		leal	16(%ebp), %ebx
 126 0199 11542404 		adcl	%edx, 4(%esp)
 127 019d 8D6E10   		leal	16(%esi), %ebp
 128              	L46:
 129 01a0 8B03     		movl	(%ebx), %eax
 130 01a2 8B5304   		movl	4(%ebx), %edx
 131 01a5 034500   		addl	0(%ebp), %eax
 132 01a8 035504   		addl	4(%ebp), %edx
 133 01ab F7E2     		mull	%edx
 134 01ad 010424   		addl	%eax, (%esp)
 135 01b0 11542404 		adcl	%edx, 4(%esp)
 136 01b4 83C702   		addl	$2, %edi
 137 01b7 83C308   		addl	$8, %ebx
 138 01ba 83C508   		addl	$8, %ebp
 139              	L45:
 140 01bd 8B03     		movl	(%ebx), %eax
 141 01bf 8B5304   		movl	4(%ebx), %edx
 142 01c2 034500   		addl	0(%ebp), %eax
 143 01c5 035504   		addl	4(%ebp), %edx
 144 01c8 F7E2     		mull	%edx
 145 01ca 010424   		addl	%eax, (%esp)
 146 01cd 11542404 		adcl	%edx, 4(%esp)
 147 01d1 83C702   		addl	$2, %edi
 148 01d4 83C308   		addl	$8, %ebx
 149 01d7 83C508   		addl	$8, %ebp
 150 01da 397C240C 		cmpl	%edi, 12(%esp)
 151 01de 767D     		jbe	L53
 152              	L56:
 153 01e0 897C2408 		movl	%edi, 8(%esp)
 154 01e4 8B3424   		movl	(%esp), %esi
 155 01e7 8B7C2404 		movl	4(%esp), %edi
 156              	L11:
 157 01eb 8B03     		movl	(%ebx), %eax
 158 01ed 034500   		addl	0(%ebp), %eax
 159 01f0 8B4D08   		movl	8(%ebp), %ecx
 160 01f3 89C2     		movl	%eax, %edx
 161 01f5 8B4304   		movl	4(%ebx), %eax
 162 01f8 034504   		addl	4(%ebp), %eax
 163 01fb F7E2     		mull	%edx
 164 01fd 01C6     		addl	%eax, %esi
 165 01ff 11D7     		adcl	%edx, %edi
 166 0201 8B5308   		movl	8(%ebx), %edx
 167 0204 01D1     		addl	%edx, %ecx
 168 0206 8B530C   		movl	12(%ebx), %edx
 169 0209 03550C   		addl	12(%ebp), %edx
 170 020c 89D0     		movl	%edx, %eax
 171 020e 891424   		movl	%edx, (%esp)
 172 0211 F7E1     		mull	%ecx
 173 0213 01C6     		addl	%eax, %esi
 174 0215 8B4310   		movl	16(%ebx), %eax
 175 0218 11D7     		adcl	%edx, %edi
 176 021a 034510   		addl	16(%ebp), %eax
 177 021d 89C2     		movl	%eax, %edx
 178 021f 8B4314   		movl	20(%ebx), %eax
 179 0222 034514   		addl	20(%ebp), %eax
 180 0225 F7E2     		mull	%edx
 181 0227 01C6     		addl	%eax, %esi
 182 0229 8B4318   		movl	24(%ebx), %eax
 183 022c 11D7     		adcl	%edx, %edi
 184 022e 034518   		addl	24(%ebp), %eax
 185 0231 89C2     		movl	%eax, %edx
 186 0233 8B431C   		movl	28(%ebx), %eax
 187 0236 03451C   		addl	28(%ebp), %eax
 188 0239 F7E2     		mull	%edx
 189 023b 01C6     		addl	%eax, %esi
 190 023d 11D7     		adcl	%edx, %edi
 191 023f 83442408 		addl	$8, 8(%esp)
 191      08
 192 0244 83C320   		addl	$32, %ebx
 193 0247 8B442408 		movl	8(%esp), %eax
 194 024b 83C520   		addl	$32, %ebp
 195 024e 3944240C 		cmpl	%eax, 12(%esp)
 196 0252 7797     		ja	L11
 197 0254 897C2404 		movl	%edi, 4(%esp)
 198 0258 893424   		movl	%esi, (%esp)
 199 025b 89C7     		movl	%eax, %edi
 200              	L53:
 201 025d 8B1424   		movl	(%esp), %edx
 202 0260 8B5C2404 		movl	4(%esp), %ebx
 203 0264 8B742438 		movl	56(%esp), %esi
 204 0268 89D0     		movl	%edx, %eax
 205 026a 89DD     		movl	%ebx, %ebp
 206 026c 8D1CBD00 		leal	0(,%edi,4), %ebx
 206      000000
 207 0273 01E8     		addl	%ebp, %eax
 208 0275 31D2     		xorl	%edx, %edx
 209 0277 85F6     		testl	%esi, %esi
 210 0279 8D7B04   		leal	4(%ebx), %edi
 211 027c 89F1     		movl	%esi, %ecx
 212 027e 7426     		je	L5
 213              	L17:
 214 0280 8B442470 		movl	112(%esp), %eax
 215 0284 8B11     		movl	(%ecx), %edx
 216 0286 031418   		addl	(%eax,%ebx), %edx
 217 0289 89D3     		movl	%edx, %ebx
 218 028b 8B5104   		movl	4(%ecx), %edx
 219 028e 031438   		addl	(%eax,%edi), %edx
 220 0291 8B0C24   		movl	(%esp), %ecx
 221 0294 89D0     		movl	%edx, %eax
 222 0296 F7E3     		mull	%ebx
 223 0298 8B5C2404 		movl	4(%esp), %ebx
 224 029c 01C1     		addl	%eax, %ecx
 225 029e 11D3     		adcl	%edx, %ebx
 226 02a0 31D2     		xorl	%edx, %edx
 227 02a2 89D8     		movl	%ebx, %eax
 228 02a4 01C8     		addl	%ecx, %eax
 229              	L5:
 230 02a6 8B7C2410 		movl	16(%esp), %edi
 231 02aa 8B742470 		movl	112(%esp), %esi
 232 02ae 89D3     		movl	%edx, %ebx
 233 02b0 8B4C2414 		movl	20(%esp), %ecx
 234 02b4 014C2468 		addl	%ecx, 104(%esp)
 235 02b8 030CBE   		addl	(%esi,%edi,4), %ecx
 236 02bb 0FAFD9   		imull	%ecx, %ebx
 237 02be F7E1     		mull	%ecx
 238 02c0 01DA     		addl	%ebx, %edx
 239 02c2 01442418 		addl	%eax, 24(%esp)
 240 02c6 1154241C 		adcl	%edx, 28(%esp)
 241 02ca 83C701   		addl	$1, %edi
 242 02cd 81FF0001 		cmpl	$256, %edi
 242      0000
 243 02d3 897C2410 		movl	%edi, 16(%esp)
 244 02d7 0F841801 		je	L63
 244      0000
 245              	L14:
 246 02dd 8B442424 		movl	36(%esp), %eax
 247 02e1 3B442468 		cmpl	104(%esp), %eax
 248 02e5 0F87B5FD 		ja	L15
 248      FFFF
 249 02eb 8B54241C 		movl	28(%esp), %edx
 250 02ef 8B4C2418 		movl	24(%esp), %ecx
 251 02f3 83C454   		addl	$84, %esp
 252 02f6 5B       		popl	%ebx
 253 02f7 5E       		popl	%esi
 254 02f8 89D0     		movl	%edx, %eax
 255 02fa 01C8     		addl	%ecx, %eax
 256 02fc 5F       		popl	%edi
 257 02fd 5D       		popl	%ebp
 258 02fe C3       		ret
 259 02ff 90       		.p2align 4,,10
 260              	L60:
 261 0300 8B5C2468 		movl	104(%esp), %ebx
 262 0304 8B6C2470 		movl	112(%esp), %ebp
 263 0308 31F6     		xorl	%esi, %esi
 264 030a 89DF     		movl	%ebx, %edi
 265 030c 81C70004 		addl	$1024, %edi
 265      0000
 266 0312 893C24   		movl	%edi, (%esp)
 267 0315 31FF     		xorl	%edi, %edi
 268 0317 89F68DBC 		.p2align 4,,10
 268      27000000 
 268      00
 269              	L4:
 270 0320 8B03     		movl	(%ebx), %eax
 271 0322 034500   		addl	0(%ebp), %eax
 272 0325 8B4D08   		movl	8(%ebp), %ecx
 273 0328 89C2     		movl	%eax, %edx
 274 032a 8B4304   		movl	4(%ebx), %eax
 275 032d 034504   		addl	4(%ebp), %eax
 276 0330 F7E2     		mull	%edx
 277 0332 01C6     		addl	%eax, %esi
 278 0334 11D7     		adcl	%edx, %edi
 279 0336 8B5308   		movl	8(%ebx), %edx
 280 0339 01D1     		addl	%edx, %ecx
 281 033b 8B530C   		movl	12(%ebx), %edx
 282 033e 03550C   		addl	12(%ebp), %edx
 283 0341 89D0     		movl	%edx, %eax
 284 0343 89542408 		movl	%edx, 8(%esp)
 285 0347 F7E1     		mull	%ecx
 286 0349 01C6     		addl	%eax, %esi
 287 034b 8B4310   		movl	16(%ebx), %eax
 288 034e 11D7     		adcl	%edx, %edi
 289 0350 034510   		addl	16(%ebp), %eax
 290 0353 89C2     		movl	%eax, %edx
 291 0355 8B4314   		movl	20(%ebx), %eax
 292 0358 034514   		addl	20(%ebp), %eax
 293 035b F7E2     		mull	%edx
 294 035d 01C6     		addl	%eax, %esi
 295 035f 8B4318   		movl	24(%ebx), %eax
 296 0362 11D7     		adcl	%edx, %edi
 297 0364 034518   		addl	24(%ebp), %eax
 298 0367 89C2     		movl	%eax, %edx
 299 0369 8B431C   		movl	28(%ebx), %eax
 300 036c 03451C   		addl	28(%ebp), %eax
 301 036f F7E2     		mull	%edx
 302 0371 01C6     		addl	%eax, %esi
 303 0373 8B4320   		movl	32(%ebx), %eax
 304 0376 11D7     		adcl	%edx, %edi
 305 0378 034520   		addl	32(%ebp), %eax
 306 037b 89C2     		movl	%eax, %edx
 307 037d 8B4324   		movl	36(%ebx), %eax
 308 0380 034524   		addl	36(%ebp), %eax
 309 0383 F7E2     		mull	%edx
 310 0385 01C6     		addl	%eax, %esi
 311 0387 8B4328   		movl	40(%ebx), %eax
 312 038a 11D7     		adcl	%edx, %edi
 313 038c 034528   		addl	40(%ebp), %eax
 314 038f 89C2     		movl	%eax, %edx
 315 0391 8B432C   		movl	44(%ebx), %eax
 316 0394 03452C   		addl	44(%ebp), %eax
 317 0397 F7E2     		mull	%edx
 318 0399 01C6     		addl	%eax, %esi
 319 039b 8B4330   		movl	48(%ebx), %eax
 320 039e 11D7     		adcl	%edx, %edi
 321 03a0 034530   		addl	48(%ebp), %eax
 322 03a3 89C2     		movl	%eax, %edx
 323 03a5 8B4334   		movl	52(%ebx), %eax
 324 03a8 034534   		addl	52(%ebp), %eax
 325 03ab F7E2     		mull	%edx
 326 03ad 01C6     		addl	%eax, %esi
 327 03af 8B4338   		movl	56(%ebx), %eax
 328 03b2 11D7     		adcl	%edx, %edi
 329 03b4 034538   		addl	56(%ebp), %eax
 330 03b7 89C2     		movl	%eax, %edx
 331 03b9 8B433C   		movl	60(%ebx), %eax
 332 03bc 03453C   		addl	60(%ebp), %eax
 333 03bf F7E2     		mull	%edx
 334 03c1 01C6     		addl	%eax, %esi
 335 03c3 11D7     		adcl	%edx, %edi
 336 03c5 83C340   		addl	$64, %ebx
 337 03c8 83C540   		addl	$64, %ebp
 338 03cb 3B1C24   		cmpl	(%esp), %ebx
 339 03ce 0F854CFF 		jne	L4
 339      FFFF
 340 03d4 89F8     		movl	%edi, %eax
 341 03d6 31D2     		xorl	%edx, %edx
 342 03d8 01F0     		addl	%esi, %eax
 343 03da E9C7FEFF 		jmp	L5
 343      FF
 344 03df 90       		.p2align 4,,10
 345              	L61:
 346 03e0 8B74240C 		movl	12(%esp), %esi
 347 03e4 85F6     		testl	%esi, %esi
 348 03e6 0F852AFD 		jne	L16
 348      FFFF
 349 03ec 31C0     		xorl	%eax, %eax
 350 03ee 31D2     		xorl	%edx, %edx
 351 03f0 E9B1FEFF 		jmp	L5
 351      FF
 352              		.p2align 4,,10
 353              	L63:
 354 03f5 8B6C241C 		movl	28(%esp), %ebp
 355 03f9 8B7C2418 		movl	24(%esp), %edi
 356 03fd C7442410 		movl	$0, 16(%esp)
 356      00000000 
 357 0405 89E8     		movl	%ebp, %eax
 358 0407 01F8     		addl	%edi, %eax
 359 0409 8B7C2434 		movl	52(%esp), %edi
 360 040d F724BE   		mull	(%esi,%edi,4)
 361 0410 01442418 		addl	%eax, 24(%esp)
 362 0414 B8000000 		movl	$0, %eax
 362      00
 363 0419 1154241C 		adcl	%edx, 28(%esp)
 364 041d 83C701   		addl	$1, %edi
 365 0420 81FF0001 		cmpl	$256, %edi
 365      0000
 366 0426 0F45C7   		cmovne	%edi, %eax
 367 0429 89442434 		movl	%eax, 52(%esp)
 368 042d E9ABFEFF 		jmp	L14
 368      FF
 369              	L62:
 370 0432 BF040000 		movl	$4, %edi
 370      00
 371 0437 31DB     		xorl	%ebx, %ebx
 372 0439 C7042400 		movl	$0, (%esp)
 372      000000
 373 0440 C7442404 		movl	$0, 4(%esp)
 373      00000000 
 374 0448 8D4C2448 		leal	72(%esp), %ecx
 375 044c E92FFEFF 		jmp	L17
 375      FF
 376              	L18:
 377 0451 83C454   		addl	$84, %esp
 378 0454 31C0     		xorl	%eax, %eax
 379 0456 5B       		popl	%ebx
 380 0457 5E       		popl	%esi
 381 0458 5F       		popl	%edi
 382 0459 5D       		popl	%ebp
 383 045a C3       		ret
 384 045b 908D7426 		.p2align 4,,15
 384      00
 385              		.globl	__Z13farsh_keyed_nPKvjS0_iPv
 387              	__Z13farsh_keyed_nPKvjS0_iPv:
 388 0460 55       		pushl	%ebp
 389 0461 57       		pushl	%edi
 390 0462 56       		pushl	%esi
 391 0463 53       		pushl	%ebx
 392 0464 83EC1C   		subl	$28, %esp
 393 0467 8B44243C 		movl	60(%esp), %eax
 394 046b 8B7C2430 		movl	48(%esp), %edi
 395 046f 8B6C2434 		movl	52(%esp), %ebp
 396 0473 85C0     		testl	%eax, %eax
 397 0475 0F8E7902 		jle	L64
 397      0000
 398 047b 8B54243C 		movl	60(%esp), %edx
 399 047f 8B5C2438 		movl	56(%esp), %ebx
 400 0483 896C2404 		movl	%ebp, 4(%esp)
 401 0487 893C24   		movl	%edi, (%esp)
 402 048a 8D4AFF   		leal	-1(%edx), %ecx
 403 048d 895C2408 		movl	%ebx, 8(%esp)
 404 0491 BB010000 		movl	$1, %ebx
 404      00
 405 0496 83E107   		andl	$7, %ecx
 406 0499 894C2414 		movl	%ecx, 20(%esp)
 407 049d E85EFBFF 		call	__Z11farsh_keyedPKvjS0_
 407      FF
 408 04a2 8B742440 		movl	64(%esp), %esi
 409 04a6 3B5C243C 		cmpl	60(%esp), %ebx
 410 04aa 8B542414 		movl	20(%esp), %edx
 411 04ae 8906     		movl	%eax, (%esi)
 412 04b0 8B442438 		movl	56(%esp), %eax
 413 04b4 8D7004   		leal	4(%eax), %esi
 414 04b7 0F843702 		je	L64
 414      0000
 415 04bd 85D2     		testl	%edx, %edx
 416 04bf 0F840501 		je	L68
 416      0000
 417 04c5 83FA01   		cmpl	$1, %edx
 418 04c8 0F84D500 		je	L94
 418      0000
 419 04ce 83FA02   		cmpl	$2, %edx
 420 04d1 0F84AF00 		je	L95
 420      0000
 421 04d7 83FA03   		cmpl	$3, %edx
 422 04da 0F848900 		je	L96
 422      0000
 423 04e0 83FA04   		cmpl	$4, %edx
 424 04e3 7467     		je	L97
 425 04e5 83FA05   		cmpl	$5, %edx
 426 04e8 7445     		je	L98
 427 04ea 83FA06   		cmpl	$6, %edx
 428 04ed 7423     		je	L99
 429 04ef 89742408 		movl	%esi, 8(%esp)
 430 04f3 896C2404 		movl	%ebp, 4(%esp)
 431 04f7 893C24   		movl	%edi, (%esp)
 432 04fa E801FBFF 		call	__Z11farsh_keyedPKvjS0_
 432      FF
 433 04ff 8B742438 		movl	56(%esp), %esi
 434 0503 8B4C2440 		movl	64(%esp), %ecx
 435 0507 8D7608   		leal	8(%esi), %esi
 436 050a 890499   		movl	%eax, (%ecx,%ebx,4)
 437 050d BB020000 		movl	$2, %ebx
 437      00
 438              	L99:
 439 0512 89742408 		movl	%esi, 8(%esp)
 440 0516 896C2404 		movl	%ebp, 4(%esp)
 441 051a 83C604   		addl	$4, %esi
 442 051d 893C24   		movl	%edi, (%esp)
 443 0520 E8DBFAFF 		call	__Z11farsh_keyedPKvjS0_
 443      FF
 444 0525 8B542440 		movl	64(%esp), %edx
 445 0529 89049A   		movl	%eax, (%edx,%ebx,4)
 446 052c 83C301   		addl	$1, %ebx
 447              	L98:
 448 052f 89742408 		movl	%esi, 8(%esp)
 449 0533 896C2404 		movl	%ebp, 4(%esp)
 450 0537 83C604   		addl	$4, %esi
 451 053a 893C24   		movl	%edi, (%esp)
 452 053d E8BEFAFF 		call	__Z11farsh_keyedPKvjS0_
 452      FF
 453 0542 8B4C2440 		movl	64(%esp), %ecx
 454 0546 890499   		movl	%eax, (%ecx,%ebx,4)
 455 0549 83C301   		addl	$1, %ebx
 456              	L97:
 457 054c 89742408 		movl	%esi, 8(%esp)
 458 0550 896C2404 		movl	%ebp, 4(%esp)
 459 0554 83C604   		addl	$4, %esi
 460 0557 893C24   		movl	%edi, (%esp)
 461 055a E8A1FAFF 		call	__Z11farsh_keyedPKvjS0_
 461      FF
 462 055f 8B542440 		movl	64(%esp), %edx
 463 0563 89049A   		movl	%eax, (%edx,%ebx,4)
 464 0566 83C301   		addl	$1, %ebx
 465              	L96:
 466 0569 89742408 		movl	%esi, 8(%esp)
 467 056d 896C2404 		movl	%ebp, 4(%esp)
 468 0571 83C604   		addl	$4, %esi
 469 0574 893C24   		movl	%edi, (%esp)
 470 0577 E884FAFF 		call	__Z11farsh_keyedPKvjS0_
 470      FF
 471 057c 8B4C2440 		movl	64(%esp), %ecx
 472 0580 890499   		movl	%eax, (%ecx,%ebx,4)
 473 0583 83C301   		addl	$1, %ebx
 474              	L95:
 475 0586 89742408 		movl	%esi, 8(%esp)
 476 058a 896C2404 		movl	%ebp, 4(%esp)
 477 058e 83C604   		addl	$4, %esi
 478 0591 893C24   		movl	%edi, (%esp)
 479 0594 E867FAFF 		call	__Z11farsh_keyedPKvjS0_
 479      FF
 480 0599 8B542440 		movl	64(%esp), %edx
 481 059d 89049A   		movl	%eax, (%edx,%ebx,4)
 482 05a0 83C301   		addl	$1, %ebx
 483              	L94:
 484 05a3 89742408 		movl	%esi, 8(%esp)
 485 05a7 896C2404 		movl	%ebp, 4(%esp)
 486 05ab 83C604   		addl	$4, %esi
 487 05ae 893C24   		movl	%edi, (%esp)
 488 05b1 E84AFAFF 		call	__Z11farsh_keyedPKvjS0_
 488      FF
 489 05b6 8B4C2440 		movl	64(%esp), %ecx
 490 05ba 890499   		movl	%eax, (%ecx,%ebx,4)
 491 05bd 83C301   		addl	$1, %ebx
 492 05c0 3B5C243C 		cmpl	60(%esp), %ebx
 493 05c4 0F842A01 		je	L64
 493      0000
 494              	L68:
 495 05ca 89742408 		movl	%esi, 8(%esp)
 496 05ce 896C2404 		movl	%ebp, 4(%esp)
 497 05d2 893C24   		movl	%edi, (%esp)
 498 05d5 E826FAFF 		call	__Z11farsh_keyedPKvjS0_
 498      FF
 499 05da 8B542440 		movl	64(%esp), %edx
 500 05de 8D4E04   		leal	4(%esi), %ecx
 501 05e1 89049A   		movl	%eax, (%edx,%ebx,4)
 502 05e4 8D4301   		leal	1(%ebx), %eax
 503 05e7 894C2408 		movl	%ecx, 8(%esp)
 504 05eb 896C2404 		movl	%ebp, 4(%esp)
 505 05ef 893C24   		movl	%edi, (%esp)
 506 05f2 89442414 		movl	%eax, 20(%esp)
 507 05f6 E805FAFF 		call	__Z11farsh_keyedPKvjS0_
 507      FF
 508 05fb 8B542414 		movl	20(%esp), %edx
 509 05ff 8B4C2440 		movl	64(%esp), %ecx
 510 0603 890491   		movl	%eax, (%ecx,%edx,4)
 511 0606 8D4E08   		leal	8(%esi), %ecx
 512 0609 8D4302   		leal	2(%ebx), %eax
 513 060c 896C2404 		movl	%ebp, 4(%esp)
 514 0610 893C24   		movl	%edi, (%esp)
 515 0613 894C2408 		movl	%ecx, 8(%esp)
 516 0617 89442414 		movl	%eax, 20(%esp)
 517 061b E8E0F9FF 		call	__Z11farsh_keyedPKvjS0_
 517      FF
 518 0620 8B542414 		movl	20(%esp), %edx
 519 0624 8B4C2440 		movl	64(%esp), %ecx
 520 0628 890491   		movl	%eax, (%ecx,%edx,4)
 521 062b 8D4E0C   		leal	12(%esi), %ecx
 522 062e 8D4303   		leal	3(%ebx), %eax
 523 0631 896C2404 		movl	%ebp, 4(%esp)
 524 0635 893C24   		movl	%edi, (%esp)
 525 0638 894C2408 		movl	%ecx, 8(%esp)
 526 063c 89442414 		movl	%eax, 20(%esp)
 527 0640 E8BBF9FF 		call	__Z11farsh_keyedPKvjS0_
 527      FF
 528 0645 8B542414 		movl	20(%esp), %edx
 529 0649 8B4C2440 		movl	64(%esp), %ecx
 530 064d 890491   		movl	%eax, (%ecx,%edx,4)
 531 0650 8D4E10   		leal	16(%esi), %ecx
 532 0653 8D4304   		leal	4(%ebx), %eax
 533 0656 896C2404 		movl	%ebp, 4(%esp)
 534 065a 893C24   		movl	%edi, (%esp)
 535 065d 894C2408 		movl	%ecx, 8(%esp)
 536 0661 89442414 		movl	%eax, 20(%esp)
 537 0665 E896F9FF 		call	__Z11farsh_keyedPKvjS0_
 537      FF
 538 066a 8B542414 		movl	20(%esp), %edx
 539 066e 8B4C2440 		movl	64(%esp), %ecx
 540 0672 890491   		movl	%eax, (%ecx,%edx,4)
 541 0675 8D4E14   		leal	20(%esi), %ecx
 542 0678 8D4305   		leal	5(%ebx), %eax
 543 067b 896C2404 		movl	%ebp, 4(%esp)
 544 067f 893C24   		movl	%edi, (%esp)
 545 0682 894C2408 		movl	%ecx, 8(%esp)
 546 0686 89442414 		movl	%eax, 20(%esp)
 547 068a E871F9FF 		call	__Z11farsh_keyedPKvjS0_
 547      FF
 548 068f 8B542414 		movl	20(%esp), %edx
 549 0693 8B4C2440 		movl	64(%esp), %ecx
 550 0697 890491   		movl	%eax, (%ecx,%edx,4)
 551 069a 8D4E18   		leal	24(%esi), %ecx
 552 069d 8D4306   		leal	6(%ebx), %eax
 553 06a0 896C2404 		movl	%ebp, 4(%esp)
 554 06a4 893C24   		movl	%edi, (%esp)
 555 06a7 894C2408 		movl	%ecx, 8(%esp)
 556 06ab 89442414 		movl	%eax, 20(%esp)
 557 06af E84CF9FF 		call	__Z11farsh_keyedPKvjS0_
 557      FF
 558 06b4 8B542414 		movl	20(%esp), %edx
 559 06b8 8B4C2440 		movl	64(%esp), %ecx
 560 06bc 890491   		movl	%eax, (%ecx,%edx,4)
 561 06bf 8D4E1C   		leal	28(%esi), %ecx
 562 06c2 8D4307   		leal	7(%ebx), %eax
 563 06c5 896C2404 		movl	%ebp, 4(%esp)
 564 06c9 893C24   		movl	%edi, (%esp)
 565 06cc 83C308   		addl	$8, %ebx
 566 06cf 894C2408 		movl	%ecx, 8(%esp)
 567 06d3 89442414 		movl	%eax, 20(%esp)
 568 06d7 83C620   		addl	$32, %esi
 569 06da E821F9FF 		call	__Z11farsh_keyedPKvjS0_
 569      FF
 570 06df 3B5C243C 		cmpl	60(%esp), %ebx
 571 06e3 8B4C2440 		movl	64(%esp), %ecx
 572 06e7 8B542414 		movl	20(%esp), %edx
 573 06eb 890491   		movl	%eax, (%ecx,%edx,4)
 574 06ee 0F85D6FE 		jne	L68
 574      FFFF
 575              	L64:
 576 06f4 83C41C   		addl	$28, %esp
 577 06f7 5B       		popl	%ebx
 578 06f8 5E       		popl	%esi
 579 06f9 5F       		popl	%edi
 580 06fa 5D       		popl	%ebp
 581 06fb C3       		ret
 582 06fc 8D742600 		.p2align 4,,15
 583              		.globl	__Z7farsh_nPKvjiiPv
 585              	__Z7farsh_nPKvjiiPv:
 586 0700 55       		pushl	%ebp
 587 0701 57       		pushl	%edi
 588 0702 56       		pushl	%esi
 589 0703 53       		pushl	%ebx
 590 0704 83EC1C   		subl	$28, %esp
 591 0707 8B442438 		movl	56(%esp), %eax
 592 070b 8B54243C 		movl	60(%esp), %edx
 593 070f 8B7C2430 		movl	48(%esp), %edi
 594 0713 8B6C2434 		movl	52(%esp), %ebp
 595 0717 8D1C8580 		leal	__ZL10FARSH_KEYS(,%eax,4), %ebx
 595      000000
 596 071e 85D2     		testl	%edx, %edx
 597 0720 89DE     		movl	%ebx, %esi
 598 0722 895C2410 		movl	%ebx, 16(%esp)
 599 0726 0F8E7102 		jle	L110
 599      0000
 600 072c 8B4C243C 		movl	60(%esp), %ecx
 601 0730 895C2408 		movl	%ebx, 8(%esp)
 602 0734 8D7604   		leal	4(%esi), %esi
 603 0737 896C2404 		movl	%ebp, 4(%esp)
 604 073b 893C24   		movl	%edi, (%esp)
 605 073e 8D41FF   		leal	-1(%ecx), %eax
 606 0741 83E007   		andl	$7, %eax
 607 0744 89442414 		movl	%eax, 20(%esp)
 608 0748 E8B3F8FF 		call	__Z11farsh_keyedPKvjS0_
 608      FF
 609 074d 8B5C2440 		movl	64(%esp), %ebx
 610 0751 8B542414 		movl	20(%esp), %edx
 611 0755 8903     		movl	%eax, (%ebx)
 612 0757 BB010000 		movl	$1, %ebx
 612      00
 613 075c 3B5C243C 		cmpl	60(%esp), %ebx
 614 0760 0F843702 		je	L110
 614      0000
 615 0766 85D2     		testl	%edx, %edx
 616 0768 0F840501 		je	L114
 616      0000
 617 076e 83FA01   		cmpl	$1, %edx
 618 0771 0F84D500 		je	L140
 618      0000
 619 0777 83FA02   		cmpl	$2, %edx
 620 077a 0F84AF00 		je	L141
 620      0000
 621 0780 83FA03   		cmpl	$3, %edx
 622 0783 0F848900 		je	L142
 622      0000
 623 0789 83FA04   		cmpl	$4, %edx
 624 078c 7467     		je	L143
 625 078e 83FA05   		cmpl	$5, %edx
 626 0791 7445     		je	L144
 627 0793 83FA06   		cmpl	$6, %edx
 628 0796 7423     		je	L145
 629 0798 89742408 		movl	%esi, 8(%esp)
 630 079c 896C2404 		movl	%ebp, 4(%esp)
 631 07a0 893C24   		movl	%edi, (%esp)
 632 07a3 E858F8FF 		call	__Z11farsh_keyedPKvjS0_
 632      FF
 633 07a8 8B4C2440 		movl	64(%esp), %ecx
 634 07ac 8B742410 		movl	16(%esp), %esi
 635 07b0 890499   		movl	%eax, (%ecx,%ebx,4)
 636 07b3 83C608   		addl	$8, %esi
 637 07b6 BB020000 		movl	$2, %ebx
 637      00
 638              	L145:
 639 07bb 89742408 		movl	%esi, 8(%esp)
 640 07bf 896C2404 		movl	%ebp, 4(%esp)
 641 07c3 83C604   		addl	$4, %esi
 642 07c6 893C24   		movl	%edi, (%esp)
 643 07c9 E832F8FF 		call	__Z11farsh_keyedPKvjS0_
 643      FF
 644 07ce 8B542440 		movl	64(%esp), %edx
 645 07d2 89049A   		movl	%eax, (%edx,%ebx,4)
 646 07d5 83C301   		addl	$1, %ebx
 647              	L144:
 648 07d8 89742408 		movl	%esi, 8(%esp)
 649 07dc 896C2404 		movl	%ebp, 4(%esp)
 650 07e0 83C604   		addl	$4, %esi
 651 07e3 893C24   		movl	%edi, (%esp)
 652 07e6 E815F8FF 		call	__Z11farsh_keyedPKvjS0_
 652      FF
 653 07eb 8B4C2440 		movl	64(%esp), %ecx
 654 07ef 890499   		movl	%eax, (%ecx,%ebx,4)
 655 07f2 83C301   		addl	$1, %ebx
 656              	L143:
 657 07f5 89742408 		movl	%esi, 8(%esp)
 658 07f9 896C2404 		movl	%ebp, 4(%esp)
 659 07fd 83C604   		addl	$4, %esi
 660 0800 893C24   		movl	%edi, (%esp)
 661 0803 E8F8F7FF 		call	__Z11farsh_keyedPKvjS0_
 661      FF
 662 0808 8B542440 		movl	64(%esp), %edx
 663 080c 89049A   		movl	%eax, (%edx,%ebx,4)
 664 080f 83C301   		addl	$1, %ebx
 665              	L142:
 666 0812 89742408 		movl	%esi, 8(%esp)
 667 0816 896C2404 		movl	%ebp, 4(%esp)
 668 081a 83C604   		addl	$4, %esi
 669 081d 893C24   		movl	%edi, (%esp)
 670 0820 E8DBF7FF 		call	__Z11farsh_keyedPKvjS0_
 670      FF
 671 0825 8B4C2440 		movl	64(%esp), %ecx
 672 0829 890499   		movl	%eax, (%ecx,%ebx,4)
 673 082c 83C301   		addl	$1, %ebx
 674              	L141:
 675 082f 89742408 		movl	%esi, 8(%esp)
 676 0833 896C2404 		movl	%ebp, 4(%esp)
 677 0837 83C604   		addl	$4, %esi
 678 083a 893C24   		movl	%edi, (%esp)
 679 083d E8BEF7FF 		call	__Z11farsh_keyedPKvjS0_
 679      FF
 680 0842 8B542440 		movl	64(%esp), %edx
 681 0846 89049A   		movl	%eax, (%edx,%ebx,4)
 682 0849 83C301   		addl	$1, %ebx
 683              	L140:
 684 084c 89742408 		movl	%esi, 8(%esp)
 685 0850 896C2404 		movl	%ebp, 4(%esp)
 686 0854 83C604   		addl	$4, %esi
 687 0857 893C24   		movl	%edi, (%esp)
 688 085a E8A1F7FF 		call	__Z11farsh_keyedPKvjS0_
 688      FF
 689 085f 8B4C2440 		movl	64(%esp), %ecx
 690 0863 890499   		movl	%eax, (%ecx,%ebx,4)
 691 0866 83C301   		addl	$1, %ebx
 692 0869 3B5C243C 		cmpl	60(%esp), %ebx
 693 086d 0F842A01 		je	L110
 693      0000
 694              	L114:
 695 0873 89742408 		movl	%esi, 8(%esp)
 696 0877 896C2404 		movl	%ebp, 4(%esp)
 697 087b 893C24   		movl	%edi, (%esp)
 698 087e E87DF7FF 		call	__Z11farsh_keyedPKvjS0_
 698      FF
 699 0883 8B542440 		movl	64(%esp), %edx
 700 0887 8D4E04   		leal	4(%esi), %ecx
 701 088a 89049A   		movl	%eax, (%edx,%ebx,4)
 702 088d 8D4301   		leal	1(%ebx), %eax
 703 0890 894C2408 		movl	%ecx, 8(%esp)
 704 0894 896C2404 		movl	%ebp, 4(%esp)
 705 0898 893C24   		movl	%edi, (%esp)
 706 089b 89442410 		movl	%eax, 16(%esp)
 707 089f E85CF7FF 		call	__Z11farsh_keyedPKvjS0_
 707      FF
 708 08a4 8B542410 		movl	16(%esp), %edx
 709 08a8 8B4C2440 		movl	64(%esp), %ecx
 710 08ac 890491   		movl	%eax, (%ecx,%edx,4)
 711 08af 8D4E08   		leal	8(%esi), %ecx
 712 08b2 8D4302   		leal	2(%ebx), %eax
 713 08b5 896C2404 		movl	%ebp, 4(%esp)
 714 08b9 893C24   		movl	%edi, (%esp)
 715 08bc 894C2408 		movl	%ecx, 8(%esp)
 716 08c0 89442410 		movl	%eax, 16(%esp)
 717 08c4 E837F7FF 		call	__Z11farsh_keyedPKvjS0_
 717      FF
 718 08c9 8B542410 		movl	16(%esp), %edx
 719 08cd 8B4C2440 		movl	64(%esp), %ecx
 720 08d1 890491   		movl	%eax, (%ecx,%edx,4)
 721 08d4 8D4E0C   		leal	12(%esi), %ecx
 722 08d7 8D4303   		leal	3(%ebx), %eax
 723 08da 896C2404 		movl	%ebp, 4(%esp)
 724 08de 893C24   		movl	%edi, (%esp)
 725 08e1 894C2408 		movl	%ecx, 8(%esp)
 726 08e5 89442410 		movl	%eax, 16(%esp)
 727 08e9 E812F7FF 		call	__Z11farsh_keyedPKvjS0_
 727      FF
 728 08ee 8B542410 		movl	16(%esp), %edx
 729 08f2 8B4C2440 		movl	64(%esp), %ecx
 730 08f6 890491   		movl	%eax, (%ecx,%edx,4)
 731 08f9 8D4E10   		leal	16(%esi), %ecx
 732 08fc 8D4304   		leal	4(%ebx), %eax
 733 08ff 896C2404 		movl	%ebp, 4(%esp)
 734 0903 893C24   		movl	%edi, (%esp)
 735 0906 894C2408 		movl	%ecx, 8(%esp)
 736 090a 89442410 		movl	%eax, 16(%esp)
 737 090e E8EDF6FF 		call	__Z11farsh_keyedPKvjS0_
 737      FF
 738 0913 8B542410 		movl	16(%esp), %edx
 739 0917 8B4C2440 		movl	64(%esp), %ecx
 740 091b 890491   		movl	%eax, (%ecx,%edx,4)
 741 091e 8D4E14   		leal	20(%esi), %ecx
 742 0921 8D4305   		leal	5(%ebx), %eax
 743 0924 896C2404 		movl	%ebp, 4(%esp)
 744 0928 893C24   		movl	%edi, (%esp)
 745 092b 894C2408 		movl	%ecx, 8(%esp)
 746 092f 89442410 		movl	%eax, 16(%esp)
 747 0933 E8C8F6FF 		call	__Z11farsh_keyedPKvjS0_
 747      FF
 748 0938 8B542410 		movl	16(%esp), %edx
 749 093c 8B4C2440 		movl	64(%esp), %ecx
 750 0940 890491   		movl	%eax, (%ecx,%edx,4)
 751 0943 8D4E18   		leal	24(%esi), %ecx
 752 0946 8D4306   		leal	6(%ebx), %eax
 753 0949 896C2404 		movl	%ebp, 4(%esp)
 754 094d 893C24   		movl	%edi, (%esp)
 755 0950 894C2408 		movl	%ecx, 8(%esp)
 756 0954 89442410 		movl	%eax, 16(%esp)
 757 0958 E8A3F6FF 		call	__Z11farsh_keyedPKvjS0_
 757      FF
 758 095d 8B542410 		movl	16(%esp), %edx
 759 0961 8B4C2440 		movl	64(%esp), %ecx
 760 0965 890491   		movl	%eax, (%ecx,%edx,4)
 761 0968 8D4E1C   		leal	28(%esi), %ecx
 762 096b 8D4307   		leal	7(%ebx), %eax
 763 096e 896C2404 		movl	%ebp, 4(%esp)
 764 0972 893C24   		movl	%edi, (%esp)
 765 0975 83C308   		addl	$8, %ebx
 766 0978 894C2408 		movl	%ecx, 8(%esp)
 767 097c 89442410 		movl	%eax, 16(%esp)
 768 0980 83C620   		addl	$32, %esi
 769 0983 E878F6FF 		call	__Z11farsh_keyedPKvjS0_
 769      FF
 770 0988 3B5C243C 		cmpl	60(%esp), %ebx
 771 098c 8B4C2440 		movl	64(%esp), %ecx
 772 0990 8B542410 		movl	16(%esp), %edx
 773 0994 890491   		movl	%eax, (%ecx,%edx,4)
 774 0997 0F85D6FE 		jne	L114
 774      FFFF
 775              	L110:
 776 099d 83C41C   		addl	$28, %esp
 777 09a0 5B       		popl	%ebx
 778 09a1 5E       		popl	%esi
 779 09a2 5F       		popl	%edi
 780 09a3 5D       		popl	%ebp
 781 09a4 C3       		ret
 782 09a5 8D742600 		.p2align 4,,15
 782      8DBC2700 
 782      000000
 783              		.globl	__Z5farshPKvj
 785              	__Z5farshPKvj:
 786 09b0 83EC14   		subl	$20, %esp
 787 09b3 8B44241C 		movl	28(%esp), %eax
 788 09b7 8B542418 		movl	24(%esp), %edx
 789 09bb C7442408 		movl	$__ZL10FARSH_KEYS, 8(%esp)
 789      80000000 
 790 09c3 89442404 		movl	%eax, 4(%esp)
 791 09c7 891424   		movl	%edx, (%esp)
 792 09ca E831F6FF 		call	__Z11farsh_keyedPKvjS0_
 792      FF
 793 09cf 83C414   		addl	$20, %esp
 794 09d2 C3       		ret
 796 09d3 90909090 		.section .rdata,"dr"
 796      90909090 
 796      90909090 
 796      90
 797              	LC0:
 798 0000 20282578 		.ascii " (%x)\0"
 798      2900
 799 0006 0000     		.align 4
 800              	LC5:
 801 0008 3A20252E 		.ascii ": %.3lf milliseconds = %.3lf GB/s = %.3lf GiB/s\12\0"
 801      336C6620 
 801      6D696C6C 
 801      69736563 
 801      6F6E6473 
 802              	LC6:
 803 0039 48617368 		.ascii "Hashing %d GiB\0"
 803      696E6720 
 803      25642047 
 803      694200
 804              		.section	.text.startup,"x"
 805              		.p2align 4,,15
 806              		.globl	_main
 808              	_main:
 809 0000 8D4C2404 		leal	4(%esp), %ecx
 810 0004 83E4F0   		andl	$-16, %esp
 811 0007 FF71FC   		pushl	-4(%ecx)
 812 000a 55       		pushl	%ebp
 813 000b 89E5     		movl	%esp, %ebp
 814 000d 57       		pushl	%edi
 815 000e 56       		pushl	%esi
 816 000f 53       		pushl	%ebx
 817 0010 51       		pushl	%ecx
 818 0011 83EC78   		subl	$120, %esp
 819 0014 E8000000 		call	___main
 819      00
 820 0019 C6050000 		movb	$0, __ZZ4mainE4data
 820      000000
 821 0020 B8010000 		movl	$1, %eax
 821      00
 822 0025 BA17CD5B 		movl	$123456791, %edx
 822      07
 823              	L159:
 824 002a 89C1     		movl	%eax, %ecx
 825 002c 89D7     		movl	%edx, %edi
 826 002e 8D7001   		leal	1(%eax), %esi
 827 0031 83E10F   		andl	$15, %ecx
 828 0034 D3EF     		shrl	%cl, %edi
 829 0036 89F1     		movl	%esi, %ecx
 830 0038 8D7003   		leal	3(%eax), %esi
 831 003b 89FB     		movl	%edi, %ebx
 832 003d 83E10F   		andl	$15, %ecx
 833 0040 8D7802   		leal	2(%eax), %edi
 834 0043 88980000 		movb	%bl, __ZZ4mainE4data(%eax)
 834      0000
 835 0049 8D9A17CD 		leal	123456791(%edx), %ebx
 835      5B07
 836 004f D3EB     		shrl	%cl, %ebx
 837 0051 89F9     		movl	%edi, %ecx
 838 0053 8D7804   		leal	4(%eax), %edi
 839 0056 88980100 		movb	%bl, __ZZ4mainE4data+1(%eax)
 839      0000
 840 005c 8D9A2E9A 		leal	246913582(%edx), %ebx
 840      B70E
 841 0062 83E10F   		andl	$15, %ecx
 842 0065 D3EB     		shrl	%cl, %ebx
 843 0067 89F1     		movl	%esi, %ecx
 844 0069 8D7005   		leal	5(%eax), %esi
 845 006c 88980200 		movb	%bl, __ZZ4mainE4data+2(%eax)
 845      0000
 846 0072 8D9A4567 		leal	370370373(%edx), %ebx
 846      1316
 847 0078 83E10F   		andl	$15, %ecx
 848 007b D3EB     		shrl	%cl, %ebx
 849 007d 89F9     		movl	%edi, %ecx
 850 007f 8D7806   		leal	6(%eax), %edi
 851 0082 88980300 		movb	%bl, __ZZ4mainE4data+3(%eax)
 851      0000
 852 0088 8D9A5C34 		leal	493827164(%edx), %ebx
 852      6F1D
 853 008e 83E10F   		andl	$15, %ecx
 854 0091 D3EB     		shrl	%cl, %ebx
 855 0093 89F1     		movl	%esi, %ecx
 856 0095 8D7007   		leal	7(%eax), %esi
 857 0098 88980400 		movb	%bl, __ZZ4mainE4data+4(%eax)
 857      0000
 858 009e 8D9A7301 		leal	617283955(%edx), %ebx
 858      CB24
 859 00a4 83E10F   		andl	$15, %ecx
 860 00a7 83C008   		addl	$8, %eax
 861 00aa D3EB     		shrl	%cl, %ebx
 862 00ac 89F9     		movl	%edi, %ecx
 863 00ae 8898FDFF 		movb	%bl, __ZZ4mainE4data-3(%eax)
 863      FFFF
 864 00b4 8D9A8ACE 		leal	740740746(%edx), %ebx
 864      262C
 865 00ba 83E10F   		andl	$15, %ecx
 866 00bd D3EB     		shrl	%cl, %ebx
 867 00bf 89F1     		movl	%esi, %ecx
 868 00c1 8898FEFF 		movb	%bl, __ZZ4mainE4data-2(%eax)
 868      FFFF
 869 00c7 8D9AA19B 		leal	864197537(%edx), %ebx
 869      8233
 870 00cd 83E10F   		andl	$15, %ecx
 871 00d0 81C2B868 		addl	$987654328, %edx
 871      DE3A
 872 00d6 D3EB     		shrl	%cl, %ebx
 873 00d8 8898FFFF 		movb	%bl, __ZZ4mainE4data-1(%eax)
 873      FFFF
 874 00de 3D017000 		cmpl	$28673, %eax
 874      00
 875 00e3 0F8541FF 		jne	L159
 875      FFFF
 876 00e9 C7442408 		movl	$__ZL10FARSH_KEYS, 8(%esp)
 876      80000000 
 877 00f1 C7442404 		movl	$28673, 4(%esp)
 877      01700000 
 878 00f9 BE017000 		movl	$28673, %esi
 878      00
 879 00fe C7042400 		movl	$__ZZ4mainE4data, (%esp)
 879      000000
 880 0105 BB007000 		movl	$28672, %ebx
 880      00
 881 010a E8000000 		call	__Z11farsh_keyedPKvjS0_
 881      00
 882 010f 83F82A   		cmpl	$42, %eax
 883 0112 0F853E01 		jne	L161
 883      0000
 884 0118 E95F0100 		jmp	L160
 884      00
 885 011d 8D7600   		.p2align 4,,10
 886              	L215:
 887 0120 8D53FF   		leal	-1(%ebx), %edx
 888 0123 89F7     		movl	%esi, %edi
 889 0125 C7442408 		movl	$__ZL10FARSH_KEYS, 8(%esp)
 889      80000000 
 890 012d 29D7     		subl	%edx, %edi
 891 012f 89542404 		movl	%edx, 4(%esp)
 892 0133 89F9     		movl	%edi, %ecx
 893 0135 81C10000 		addl	$__ZZ4mainE4data, %ecx
 893      0000
 894 013b 890C24   		movl	%ecx, (%esp)
 895 013e E8000000 		call	__Z11farsh_keyedPKvjS0_
 895      00
 896 0143 83F82A   		cmpl	$42, %eax
 897 0146 0F843001 		je	L160
 897      0000
 898 014c 8D43FE   		leal	-2(%ebx), %eax
 899 014f 89F2     		movl	%esi, %edx
 900 0151 C7442408 		movl	$__ZL10FARSH_KEYS, 8(%esp)
 900      80000000 
 901 0159 29C2     		subl	%eax, %edx
 902 015b 89442404 		movl	%eax, 4(%esp)
 903 015f 89D7     		movl	%edx, %edi
 904 0161 81C70000 		addl	$__ZZ4mainE4data, %edi
 904      0000
 905 0167 893C24   		movl	%edi, (%esp)
 906 016a E8000000 		call	__Z11farsh_keyedPKvjS0_
 906      00
 907 016f 83F82A   		cmpl	$42, %eax
 908 0172 0F840401 		je	L160
 908      0000
 909 0178 8D4BFD   		leal	-3(%ebx), %ecx
 910 017b 89F0     		movl	%esi, %eax
 911 017d C7442408 		movl	$__ZL10FARSH_KEYS, 8(%esp)
 911      80000000 
 912 0185 29C8     		subl	%ecx, %eax
 913 0187 894C2404 		movl	%ecx, 4(%esp)
 914 018b 89C2     		movl	%eax, %edx
 915 018d 81C20000 		addl	$__ZZ4mainE4data, %edx
 915      0000
 916 0193 891424   		movl	%edx, (%esp)
 917 0196 E8000000 		call	__Z11farsh_keyedPKvjS0_
 917      00
 918 019b 83F82A   		cmpl	$42, %eax
 919 019e 0F84D800 		je	L160
 919      0000
 920 01a4 8D4BFC   		leal	-4(%ebx), %ecx
 921 01a7 89F7     		movl	%esi, %edi
 922 01a9 C7442408 		movl	$__ZL10FARSH_KEYS, 8(%esp)
 922      80000000 
 923 01b1 29CF     		subl	%ecx, %edi
 924 01b3 894C2404 		movl	%ecx, 4(%esp)
 925 01b7 89F8     		movl	%edi, %eax
 926 01b9 05000000 		addl	$__ZZ4mainE4data, %eax
 926      00
 927 01be 890424   		movl	%eax, (%esp)
 928 01c1 E8000000 		call	__Z11farsh_keyedPKvjS0_
 928      00
 929 01c6 83F82A   		cmpl	$42, %eax
 930 01c9 0F84AD00 		je	L160
 930      0000
 931 01cf 8D53FB   		leal	-5(%ebx), %edx
 932 01d2 89F1     		movl	%esi, %ecx
 933 01d4 C7442408 		movl	$__ZL10FARSH_KEYS, 8(%esp)
 933      80000000 
 934 01dc 29D1     		subl	%edx, %ecx
 935 01de 89542404 		movl	%edx, 4(%esp)
 936 01e2 89CF     		movl	%ecx, %edi
 937 01e4 81C70000 		addl	$__ZZ4mainE4data, %edi
 937      0000
 938 01ea 893C24   		movl	%edi, (%esp)
 939 01ed E8000000 		call	__Z11farsh_keyedPKvjS0_
 939      00
 940 01f2 83F82A   		cmpl	$42, %eax
 941 01f5 0F848100 		je	L160
 941      0000
 942 01fb 8D43FA   		leal	-6(%ebx), %eax
 943 01fe 89F2     		movl	%esi, %edx
 944 0200 C7442408 		movl	$__ZL10FARSH_KEYS, 8(%esp)
 944      80000000 
 945 0208 29C2     		subl	%eax, %edx
 946 020a 89442404 		movl	%eax, 4(%esp)
 947 020e 89D1     		movl	%edx, %ecx
 948 0210 81C10000 		addl	$__ZZ4mainE4data, %ecx
 948      0000
 949 0216 890C24   		movl	%ecx, (%esp)
 950 0219 E8000000 		call	__Z11farsh_keyedPKvjS0_
 950      00
 951 021e 83F82A   		cmpl	$42, %eax
 952 0221 7459     		je	L160
 953 0223 8D43F9   		leal	-7(%ebx), %eax
 954 0226 89F7     		movl	%esi, %edi
 955 0228 C7442408 		movl	$__ZL10FARSH_KEYS, 8(%esp)
 955      80000000 
 956 0230 29C7     		subl	%eax, %edi
 957 0232 89442404 		movl	%eax, 4(%esp)
 958 0236 89FA     		movl	%edi, %edx
 959 0238 81C20000 		addl	$__ZZ4mainE4data, %edx
 959      0000
 960 023e 891424   		movl	%edx, (%esp)
 961 0241 E8000000 		call	__Z11farsh_keyedPKvjS0_
 961      00
 962 0246 83F82A   		cmpl	$42, %eax
 963 0249 7431     		je	L160
 964 024b 83EB08   		subl	$8, %ebx
 965 024e 81FBF06F 		cmpl	$28656, %ebx
 965      0000
 966 0254 7426     		je	L160
 967              	L161:
 968 0256 89F0     		movl	%esi, %eax
 969 0258 C7442408 		movl	$__ZL10FARSH_KEYS, 8(%esp)
 969      80000000 
 970 0260 895C2404 		movl	%ebx, 4(%esp)
 971 0264 29D8     		subl	%ebx, %eax
 972 0266 05000000 		addl	$__ZZ4mainE4data, %eax
 972      00
 973 026b 890424   		movl	%eax, (%esp)
 974 026e E8000000 		call	__Z11farsh_keyedPKvjS0_
 974      00
 975 0273 83F82A   		cmpl	$42, %eax
 976 0276 0F85A4FE 		jne	L215
 976      FFFF
 977              	L160:
 978 027c 8D5DD8   		leal	-40(%ebp), %ebx
 979 027f C7442404 		movl	$100, 4(%esp)
 979      64000000 
 980 0287 C7042439 		movl	$LC6, (%esp)
 980      000000
 981 028e E8000000 		call	_printf
 981      00
 982 0293 891C24   		movl	%ebx, (%esp)
 983 0296 8D75C8   		leal	-56(%ebp), %esi
 984 0299 FF150000 		call	*__imp__QueryPerformanceFrequency@4
 984      0000
 985 029f A1000000 		movl	__imp__QueryPerformanceCounter@4, %eax
 985      00
 986 02a4 83EC04   		subl	$4, %esp
 987 02a7 893424   		movl	%esi, (%esp)
 988 02aa 89C7     		movl	%eax, %edi
 989 02ac 89459C   		movl	%eax, -100(%ebp)
 990 02af FFD0     		call	*%eax
 991 02b1 8D4DD0   		leal	-48(%ebp), %ecx
 992 02b4 83EC04   		subl	$4, %esp
 993 02b7 890C24   		movl	%ecx, (%esp)
 994 02ba FFD7     		call	*%edi
 995 02bc 8B45D0   		movl	-48(%ebp), %eax
 996 02bf 83EC04   		subl	$4, %esp
 997 02c2 2B45C8   		subl	-56(%ebp), %eax
 998 02c5 8B55D4   		movl	-44(%ebp), %edx
 999 02c8 1B55CC   		sbbl	-52(%ebp), %edx
 1000 02cb 893424   		movl	%esi, (%esp)
 1001 02ce 8945E0   		movl	%eax, -32(%ebp)
 1002 02d1 8955E4   		movl	%edx, -28(%ebp)
 1003 02d4 FFD7     		call	*%edi
 1004 02d6 C745A001 		movl	$1, -96(%ebp)
 1004      000000
 1005 02dd 83EC04   		subl	$4, %esp
 1006              	L169:
 1007 02e0 0FB64DA0 		movzbl	-96(%ebp), %ecx
 1008 02e4 C745A400 		movl	$0, -92(%ebp)
 1008      000000
 1009 02eb C745A800 		movl	$0, -88(%ebp)
 1009      000000
 1010 02f2 C745AC00 		movl	$0, -84(%ebp)
 1010      000000
 1011 02f9 C745B000 		movl	$0, -80(%ebp)
 1011      000000
 1012 0300 C745B400 		movl	$__ZZ4mainE4data, -76(%ebp)
 1012      000000
 1013 0307 83E901   		subl	$1, %ecx
 1014 030a 880D0000 		movb	%cl, __ZZ4mainE4data
 1014      0000
 1015              		.p2align 4,,10
 1016              	L162:
 1017 0310 8B5DB4   		movl	-76(%ebp), %ebx
 1018 0313 31C9     		xorl	%ecx, %ecx
 1019 0315 31F6     		xorl	%esi, %esi
 1020 0317 31FF     		xorl	%edi, %edi
 1021 0319 894DB8   		movl	%ecx, -72(%ebp)
 1022 031c 8D742600 		.p2align 4,,10
 1023              	L163:
 1024 0320 8B03     		movl	(%ebx), %eax
 1025 0322 03048D80 		addl	__ZL10FARSH_KEYS(,%ecx,4), %eax
 1025      000000
 1026 0329 89C2     		movl	%eax, %edx
 1027 032b 8B4304   		movl	4(%ebx), %eax
 1028 032e 03048D84 		addl	__ZL10FARSH_KEYS+4(,%ecx,4), %eax
 1028      000000
 1029 0335 F7E2     		mull	%edx
 1030 0337 01C6     		addl	%eax, %esi
 1031 0339 8B4308   		movl	8(%ebx), %eax
 1032 033c 11D7     		adcl	%edx, %edi
 1033 033e 83C102   		addl	$2, %ecx
 1034 0341 8B530C   		movl	12(%ebx), %edx
 1035 0344 03048D80 		addl	__ZL10FARSH_KEYS(,%ecx,4), %eax
 1035      000000
 1036 034b 03148D84 		addl	__ZL10FARSH_KEYS+4(,%ecx,4), %edx
 1036      000000
 1037 0352 8B4DB8   		movl	-72(%ebp), %ecx
 1038 0355 F7E2     		mull	%edx
 1039 0357 01C6     		addl	%eax, %esi
 1040 0359 8B4310   		movl	16(%ebx), %eax
 1041 035c 11D7     		adcl	%edx, %edi
 1042 035e 8D5104   		leal	4(%ecx), %edx
 1043 0361 8B4B14   		movl	20(%ebx), %ecx
 1044 0364 03049580 		addl	__ZL10FARSH_KEYS(,%edx,4), %eax
 1044      000000
 1045 036b 030C9584 		addl	__ZL10FARSH_KEYS+4(,%edx,4), %ecx
 1045      000000
 1046 0372 F7E1     		mull	%ecx
 1047 0374 8B4DB8   		movl	-72(%ebp), %ecx
 1048 0377 01C6     		addl	%eax, %esi
 1049 0379 8B4318   		movl	24(%ebx), %eax
 1050 037c 11D7     		adcl	%edx, %edi
 1051 037e 8D5106   		leal	6(%ecx), %edx
 1052 0381 8B4B1C   		movl	28(%ebx), %ecx
 1053 0384 03049580 		addl	__ZL10FARSH_KEYS(,%edx,4), %eax
 1053      000000
 1054 038b 030C9584 		addl	__ZL10FARSH_KEYS+4(,%edx,4), %ecx
 1054      000000
 1055 0392 F7E1     		mull	%ecx
 1056 0394 8B4DB8   		movl	-72(%ebp), %ecx
 1057 0397 01C6     		addl	%eax, %esi
 1058 0399 8B4320   		movl	32(%ebx), %eax
 1059 039c 11D7     		adcl	%edx, %edi
 1060 039e 8D5108   		leal	8(%ecx), %edx
 1061 03a1 8B4B24   		movl	36(%ebx), %ecx
 1062 03a4 03049580 		addl	__ZL10FARSH_KEYS(,%edx,4), %eax
 1062      000000
 1063 03ab 030C9584 		addl	__ZL10FARSH_KEYS+4(,%edx,4), %ecx
 1063      000000
 1064 03b2 F7E1     		mull	%ecx
 1065 03b4 8B4DB8   		movl	-72(%ebp), %ecx
 1066 03b7 01C6     		addl	%eax, %esi
 1067 03b9 8B4328   		movl	40(%ebx), %eax
 1068 03bc 11D7     		adcl	%edx, %edi
 1069 03be 8D510A   		leal	10(%ecx), %edx
 1070 03c1 8B4B2C   		movl	44(%ebx), %ecx
 1071 03c4 03049580 		addl	__ZL10FARSH_KEYS(,%edx,4), %eax
 1071      000000
 1072 03cb 030C9584 		addl	__ZL10FARSH_KEYS+4(,%edx,4), %ecx
 1072      000000
 1073 03d2 F7E1     		mull	%ecx
 1074 03d4 8B4DB8   		movl	-72(%ebp), %ecx
 1075 03d7 01C6     		addl	%eax, %esi
 1076 03d9 8B4330   		movl	48(%ebx), %eax
 1077 03dc 11D7     		adcl	%edx, %edi
 1078 03de 8D510C   		leal	12(%ecx), %edx
 1079 03e1 8B4B34   		movl	52(%ebx), %ecx
 1080 03e4 03049580 		addl	__ZL10FARSH_KEYS(,%edx,4), %eax
 1080      000000
 1081 03eb 030C9584 		addl	__ZL10FARSH_KEYS+4(,%edx,4), %ecx
 1081      000000
 1082 03f2 F7E1     		mull	%ecx
 1083 03f4 8B4DB8   		movl	-72(%ebp), %ecx
 1084 03f7 01C6     		addl	%eax, %esi
 1085 03f9 8B4338   		movl	56(%ebx), %eax
 1086 03fc 11D7     		adcl	%edx, %edi
 1087 03fe 8D510E   		leal	14(%ecx), %edx
 1088 0401 8B4B3C   		movl	60(%ebx), %ecx
 1089 0404 03049580 		addl	__ZL10FARSH_KEYS(,%edx,4), %eax
 1089      000000
 1090 040b 030C9584 		addl	__ZL10FARSH_KEYS+4(,%edx,4), %ecx
 1090      000000
 1091 0412 F7E1     		mull	%ecx
 1092 0414 01C6     		addl	%eax, %esi
 1093 0416 11D7     		adcl	%edx, %edi
 1094 0418 8345B810 		addl	$16, -72(%ebp)
 1095 041c 83C340   		addl	$64, %ebx
 1096 041f 8B4DB8   		movl	-72(%ebp), %ecx
 1097 0422 81F90001 		cmpl	$256, %ecx
 1097      0000
 1098 0428 0F85F2FE 		jne	L163
 1098      FFFF
 1099 042e 89F8     		movl	%edi, %eax
 1100 0430 8B7DB0   		movl	-80(%ebp), %edi
 1101 0433 8145B400 		addl	$1024, -76(%ebp)
 1101      040000
 1102 043a 01F0     		addl	%esi, %eax
 1103 043c 8B34BD80 		movl	__ZL10FARSH_KEYS(,%edi,4), %esi
 1103      000000
 1104 0443 8D8E0004 		leal	1024(%esi), %ecx
 1104      0000
 1105 0449 8975B8   		movl	%esi, -72(%ebp)
 1106 044c F7E1     		mull	%ecx
 1107 044e 0145A8   		addl	%eax, -88(%ebp)
 1108 0451 1155AC   		adcl	%edx, -84(%ebp)
 1109 0454 83C701   		addl	$1, %edi
 1110 0457 81FF0001 		cmpl	$256, %edi
 1110      0000
 1111 045d 897DB0   		movl	%edi, -80(%ebp)
 1112 0460 743E     		je	L216
 1113              	L164:
 1114 0462 817DB400 		cmpl	$__ZZ4mainE4data+28672, -76(%ebp)
 1114      700000
 1115 0469 0F82A1FE 		jb	L162
 1115      FFFF
 1116 046f 8B7DAC   		movl	-84(%ebp), %edi
 1117 0472 8B5DA8   		movl	-88(%ebp), %ebx
 1118 0475 89F8     		movl	%edi, %eax
 1119 0477 01D8     		addl	%ebx, %eax
 1120 0479 83F82A   		cmpl	$42, %eax
 1121 047c 7459     		je	L166
 1122 047e 837DA02B 		cmpl	$43, -96(%ebp)
 1123 0482 0F84BF00 		je	L217
 1123      0000
 1124 0488 817DA092 		cmpl	$3744914, -96(%ebp)
 1124      243900
 1125 048f 7446     		je	L166
 1126              	L168:
 1127 0491 8345A001 		addl	$1, -96(%ebp)
 1128 0495 E946FEFF 		jmp	L169
 1128      FF
 1129 049a 8DB60000 		.p2align 4,,10
 1129      0000
 1130              	L216:
 1131 04a0 8B7DAC   		movl	-84(%ebp), %edi
 1132 04a3 8B75A8   		movl	-88(%ebp), %esi
 1133 04a6 C745B000 		movl	$0, -80(%ebp)
 1133      000000
 1134 04ad 89F8     		movl	%edi, %eax
 1135 04af 8B7DA4   		movl	-92(%ebp), %edi
 1136 04b2 01F0     		addl	%esi, %eax
 1137 04b4 F724BD80 		mull	__ZL10FARSH_KEYS(,%edi,4)
 1137      000000
 1138 04bb 0145A8   		addl	%eax, -88(%ebp)
 1139 04be B8000000 		movl	$0, %eax
 1139      00
 1140 04c3 1155AC   		adcl	%edx, -84(%ebp)
 1141 04c6 83C701   		addl	$1, %edi
 1142 04c9 81FF0001 		cmpl	$256, %edi
 1142      0000
 1143 04cf 0F45C7   		cmovne	%edi, %eax
 1144 04d2 8945A4   		movl	%eax, -92(%ebp)
 1145 04d5 EB8B     		jmp	L164
 1146              	L166:
 1147 04d7 8D55D0   		leal	-48(%ebp), %edx
 1148 04da 891424   		movl	%edx, (%esp)
 1149 04dd FF559C   		call	*-100(%ebp)
 1150 04e0 8B75D0   		movl	-48(%ebp), %esi
 1151 04e3 83EC04   		subl	$4, %esp
 1152 04e6 2B75C8   		subl	-56(%ebp), %esi
 1153 04e9 8B4DD4   		movl	-44(%ebp), %ecx
 1154 04ec 1B4DCC   		sbbl	-52(%ebp), %ecx
 1155 04ef 2B75E0   		subl	-32(%ebp), %esi
 1156 04f2 C7042408 		movl	$LC5, (%esp)
 1156      000000
 1157 04f9 1B4DE4   		sbbl	-28(%ebp), %ecx
 1158 04fc 8975B8   		movl	%esi, -72(%ebp)
 1159 04ff 894DBC   		movl	%ecx, -68(%ebp)
 1160 0502 DF6DB8   		fildq	-72(%ebp)
 1161 0505 D9057C08 		flds	LC1
 1161      0000
 1162 050b DCC9     		fmul	%st, %st(1)
 1163 050d DF6DD8   		fildq	-40(%ebp)
 1164 0510 DEFA     		fdivrp	%st, %st(2)
 1165 0512 D8F9     		fdivr	%st(1), %st
 1166 0514 D83D8008 		fdivrs	LC2
 1166      0000
 1167 051a D9C0     		fld	%st(0)
 1168 051c D80D8408 		fmuls	LC3
 1168      0000
 1169 0522 DD5C2414 		fstpl	20(%esp)
 1170 0526 D8358808 		fdivs	LC4
 1170      0000
 1171 052c DD5C240C 		fstpl	12(%esp)
 1172 0530 DD5C2404 		fstpl	4(%esp)
 1173 0534 E8000000 		call	_printf
 1173      00
 1174 0539 8D65F0   		leal	-16(%ebp), %esp
 1175 053c 31C0     		xorl	%eax, %eax
 1176 053e 5A       		popl	%edx
 1177 053f 5B       		popl	%ebx
 1178 0540 5E       		popl	%esi
 1179 0541 5F       		popl	%edi
 1180 0542 5D       		popl	%ebp
 1181 0543 8D62FC   		leal	-4(%edx), %esp
 1182 0546 C3       		ret
 1183              	L217:
 1184 0547 89442404 		movl	%eax, 4(%esp)
 1185 054b C7042400 		movl	$LC0, (%esp)
 1185      000000
 1186 0552 E8000000 		call	_printf
 1186      00
 1187 0557 E935FFFF 		jmp	L168
 1187      FF
 1188              	.lcomm __ZZ4mainE4data,28673,64
 1189 055c 90909090 		.section .rdata,"dr"
 1190 0048 00000000 		.align 64
 1190      00000000 
 1190      00000000 
 1190      00000000 
 1190      00000000 
 1191              	__ZL10FARSH_KEYS:
 1192 0080 396CFEB8 		.long	-1191285703
 1193 0084 BE4BA423 		.long	597969854
 1194 0088 2C81017C 		.long	2080473388
 1195 008c 1CAD21F7 		.long	-148787940
 1196 0090 E96DD4DE 		.long	-556503575
 1197 0094 DB979083 		.long	-2087675941
 1198 0098 A4A44072 		.long	1916839076
 1199 009c 1F67B3B7 		.long	-1212979425
 1200 00a0 4EE679CB 		.long	-881203634
 1201 00a4 78E5C0CC 		.long	-859773576
 1202 00a8 7DD05A82 		.long	-2107977603
 1203 00ac 2172FFCC 		.long	-855674335
 1204 00b0 744608B8 		.long	-1207417228
 1205 00b4 8E2443F7 		.long	-146594674
 1206 00b8 E69035E0 		.long	-533360410
 1207 00bc 4C263A81 		.long	-2126895540
 1208 00c0 BB52283C 		.long	1009275579
 1209 00c4 CB00C391 		.long	-1849491253
 1210 00c8 8B65D088 		.long	-1999608437
 1211 00cc A32E531B 		.long	458436259
 1212 00d0 97486471 		.long	1902397591
 1213 00d4 4EF90DA2 		.long	-1576142514
 1214 00d8 46EF1938 		.long	941223750
 1215 00dc D8ACDEA9 		.long	-1445024552
 1216 00e0 3F76FAA8 		.long	-1459980737
 1217 00e4 3F349CE3 		.long	-476302273
 1218 00e8 C7BBDCF9 		.long	-102974521
 1219 00ec 1D4F0BC7 		.long	-955560163
 1220 00f0 4BE0518A 		.long	-1974345653
 1221 00f4 3159B4CD 		.long	-843818703
 1222 00f8 C97E9FC8 		.long	-929071415
 1223 00fc 647378D9 		.long	-646417564
 1224 0100 52076A4F 		.long	1332348754
 1225 0104 9C079BA7 		.long	-1483012196
 1226 0108 9994C48F 		.long	-1882942311
 1227 010c A9B7C98E 		.long	-1899382871
 1228 0110 4922C933 		.long	868819529
 1229 0114 4F40B64E 		.long	1320566863
 1230 0118 4EFB2AFB 		.long	-81069234
 1231 011c 554281A4 		.long	-1535032747
 1232 0120 981B0E2F 		.long	789453720
 1233 0124 243BE9AC 		.long	-1394001116
 1234 0128 CD508818 		.long	411586765
 1235 012c A7745C6C 		.long	1817998503
 1236 0130 0444FA66 		.long	1727677444
 1237 0134 83ACC5EA 		.long	-356143997
 1238 0138 C3EBD334 		.long	886303683
 1239 013c FFA081C5 		.long	-981360385
 1240 0140 EB6313FA 		.long	-99392533
 1241 0144 51DD0D17 		.long	386784593
 1242 0148 49DAF0B7 		.long	-1208952247
 1243 014c 265516D3 		.long	-753511130
 1244 0150 9E68D429 		.long	701786270
 1245 0154 58BE162B 		.long	722910808
 1246 0158 FCA1477D 		.long	2101846524
 1247 015c D1B8F88F 		.long	-1879525167
 1248 0160 CE31D07A 		.long	2060464590
 1249 0164 8F3ACB45 		.long	1170946703
 1250 0168 28041695 		.long	-1793719256
 1251 016c CAFBD7AF 		.long	-1344799798
 1252 0170 7E404BBB 		.long	-1152696194
 1253 0174 A4745299 		.long	-1722649436
 1254 0178 932D9AEB 		.long	-342217325
 1255 017c 0889E73B 		.long	1005029640
 1256 0180 6C5F47ED 		.long	-314089620
 1257 0184 F2D89C91 		.long	-1851991822
 1258 0188 5A1E86D3 		.long	-746185126
 1259 018c 0C39316E 		.long	1848719628
 1260 0190 493A6AFE 		.long	-26592695
 1261 0194 1409ADDC 		.long	-592639724
 1262 0198 EB8B5006 		.long	105941995
 1263 019c F39983A8 		.long	-1467770381
 1264 01a0 2F1158B0 		.long	-1336405713
 1265 01a4 79FAB0E8 		.long	-391054727
 1266 01a8 06DAB429 		.long	699718150
 1267 01ac FB53C2ED 		.long	-306031621
 1268 01b0 AD6DE9C3 		.long	-1008112211
 1269 01b4 832B376E 		.long	1849109379
 1270 01b8 53B1784F 		.long	1333309779
 1271 01bc 866EFAFF 		.long	-364922
 1272 01c0 ECEEBE21 		.long	566161132
 1273 01c4 02EACA01 		.long	30075394
 1274 01c8 0DE56712 		.long	308798733
 1275 01cc 2F09E611 		.long	300288303
 1276 01d0 98D219E8 		.long	-400960872
 1277 01d4 DD802F83 		.long	-2094038819
 1278 01d8 77244E0C 		.long	206447735
 1279 01dc EB8678BC 		.long	-1132951829
 1280 01e0 37665001 		.long	22046263
 1281 01e4 6896A88B 		.long	-1951885720
 1282 01e8 A0E7116D 		.long	1829889952
 1283 01ec 15FD12FC 		.long	-65864427
 1284 01f0 194CA586 		.long	-2035987431
 1285 01f4 DDE33C59 		.long	1497162717
 1286 01f8 E53FB1D2 		.long	-760135707
 1287 01fc 532B778E 		.long	-1904792749
 1288 0200 CC604AAE 		.long	-1370857268
 1289 0204 1B3B7A64 		.long	1685732123
 1290 0208 E0867754 		.long	1417119456
 1291 020c 8E37C43E 		.long	1053046670
 1292 0210 89CF7A8D 		.long	-1921331319
 1293 0214 47F936CA 		.long	-902366905
 1294 0218 EFD5890E 		.long	243914223
 1295 021c 3C6ADAAA 		.long	-1428526532
 1296 0220 09A1A46D 		.long	1839505673
 1297 0224 1CE1C69A 		.long	-1698242276
 1298 0228 EF916668 		.long	1751552495
 1299 022c 2BBD57A3 		.long	-1554531029
 1300 0230 9A1B6FD1 		.long	-781247590
 1301 0234 0303C738 		.long	952566531
 1302 0238 B322467D 		.long	2101748403
 1303 023c 8FFA6829 		.long	694745743
 1304 0240 B9BCA58C 		.long	-1935295303
 1305 0244 0510D6FC 		.long	-53080059
 1306 0248 965E8B22 		.long	579559062
 1307 024c 19CC9D2C 		.long	748538905
 1308 0250 3C24CF57 		.long	1473193020
 1309 0254 C1F9533C 		.long	1012136385
 1310 0258 2C95C70C 		.long	214406444
 1311 025c F0E46D68 		.long	1752032496
 1312 0260 B547A793 		.long	-1817753675
 1313 0264 10A5874E 		.long	1317512464
 1314 0268 AE915E97 		.long	-1755410002
 1315 026c 8EB9104C 		.long	1276164494
 1316 0270 8C067F8A 		.long	-1971386740
 1317 0274 AB196B34 		.long	879434155
 1318 0278 25A63C35 		.long	893167141
 1319 027c E0500AF2 		.long	-234204960
 1320 0280 F62199CE 		.long	-828825098
 1321 0284 14E066DF 		.long	-546906092
 1322 0288 4BEF110A 		.long	168947531
 1323 028c DF4DC88B 		.long	-1949807137
 1324 0290 225DD284 		.long	-2066588382
 1325 0294 6D9323C8 		.long	-937192595
 1326 0298 C31E7494 		.long	-1804329277
 1327 029c 608A2788 		.long	-2010674592
 1328 02a0 319364B8 		.long	-1201368271
 1329 02a4 107A707A 		.long	2054191632
 1330 02a8 D6CA9272 		.long	1922222806
 1331 02ac C244C6A7 		.long	-1480178494
 1332 02b0 FA6B15BD 		.long	-1122669574
 1333 02b4 78956C64 		.long	1684837752
 1334 02b8 D5DFF4B7 		.long	-1208688683
 1335 02bc A777829F 		.long	-1618839641
 1336 02c0 4E921370 		.long	1880330830
 1337 02c4 C34C67AD 		.long	-1385739069
 1338 02c8 059DAE2C 		.long	749640965
 1339 02cc 229A2A91 		.long	-1859479006
 1340 02d0 FA537CF6 		.long	-159624198
 1341 02d4 A9227E8D 		.long	-1921113431
 1342 02d8 2B37AE59 		.long	1504589611
 1343 02dc F3990185 		.long	-2063492621
 1344 02e0 2C10A263 		.long	1671565356
 1345 02e4 6112FFD6 		.long	-687926687
 1346 02e8 E18E7356 		.long	1450413793
 1347 02ec 5B1495AA 		.long	-1433070501
 1348 02f0 3228D1FD 		.long	-36624334
 1349 02f4 EB4D685B 		.long	1533562347
 1350 02f8 94DE8407 		.long	126148244
 1351 02fc 0E3962AA 		.long	-1436403442
 1352 0300 19CF7CBB 		.long	-1149448423
 1353 0304 72D5EF0F 		.long	267375986
 1354 0308 CA415B56 		.long	1448821194
 1355 030c 02D20622 		.long	570872322
 1356 0310 7984602D 		.long	761300089
 1357 0314 3DCD0F4C 		.long	1276103997
 1358 0318 E33B6DD3 		.long	-747815965
 1359 031c 659A5A15 		.long	358259301
 1360 0320 32E7F910 		.long	284813106
 1361 0324 1E0F9BAC 		.long	-1399124194
 1362 0328 3BA0721F 		.long	527605819
 1363 032c AE4094EA 		.long	-359382866
 1364 0330 4F4B675B 		.long	1533496143
 1365 0334 D127A831 		.long	833103825
 1366 0338 4F95CAEC 		.long	-322267825
 1367 033c 1ED62C3D 		.long	1026348574
 1368 0340 A43D8D76 		.long	1988967844
 1369 0344 C15A7493 		.long	-1821091135
 1370 0348 CB585D1D 		.long	492656843
 1371 034c B6F3864B 		.long	1267135414
 1372 0350 3A92BA2A 		.long	716870202
 1373 0354 4C81650E 		.long	241533260
 1374 0358 D963E08A 		.long	-1965005863
 1375 035c B06969CD 		.long	-848729680
 1376 0360 85156436 		.long	912528773
 1377 0364 9DF52A74 		.long	1948972445
 1378 0368 16133A61 		.long	1631195926
 1379 036c 71A48E33 		.long	864986225
 1380 0370 F31A8647 		.long	1199971059
 1381 0374 C39D4730 		.long	809999811
 1382 0378 81A47012 		.long	309372033
 1383 037c 69107708 		.long	142020713
 1384 0380 D2F0C4E3 		.long	-473632558
 1385 0384 4C872902 		.long	36276044
 1386 0388 C13B8A5A 		.long	1519008705
 1387 038c 33970DE3 		.long	-485648589
 1388 0390 A2E55BD0 		.long	-799283806
 1389 0394 BA31AFE2 		.long	-491834950
 1390 0398 F9492022 		.long	572541433
 1391 039c 6A3B929F 		.long	-1617806486
 1392 03a0 EC643F03 		.long	54486252
 1393 03a4 2BB628E5 		.long	-450316757
 1394 03a8 BDEF0182 		.long	-2113802307
 1395 03ac 77D80721 		.long	554162295
 1396 03b0 F12E31D8 		.long	-667865359
 1397 03b4 999F67A5 		.long	-1519935591
 1398 03b8 1BB53017 		.long	389068059
 1399 03bc D2162675 		.long	1965430482
 1400 03c0 09593005 		.long	87054601
 1401 03c4 0B44CA0D 		.long	231359499
 1402 03c8 D9CD9320 		.long	546557401
 1403 03cc 50AB0964 		.long	1678355280
 1404 03d0 CC8E5CBA 		.long	-1168339252
 1405 03d4 EA08478D 		.long	-1924724502
 1406 03d8 17099F42 		.long	1117718807
 1407 03dc B0FA62B7 		.long	-1218250064
 1408 03e0 75EA6151 		.long	1365371509
 1409 03e4 EBA0EB45 		.long	1173070059
 1410 03e8 414BF3B6 		.long	-1225569471
 1411 03ec 23710452 		.long	1376022819
 1412 03f0 231518E4 		.long	-468183773
 1413 03f4 0AE9748D 		.long	-1921718006
 1414 03f8 1C40FA54 		.long	1425686556
 1415 03fc C70CDADD 		.long	-572912441
 1416 0400 2A18DF63 		.long	1675565098
 1417 0404 F63E40C6 		.long	-968868106
 1418 0408 E8C68E34 		.long	881772264
 1419 040c F557FFB9 		.long	-1174448139
 1420 0410 BDB852F6 		.long	-162350915
 1421 0414 F3B0860F 		.long	260485363
 1422 0418 8A083AFB 		.long	-80082806
 1423 041c 3315C74D 		.long	1304892723
 1424 0420 D217367B 		.long	2067142610
 1425 0424 EB874EA3 		.long	-1555134485
 1426 0428 DD9B2ABA 		.long	-1171612707
 1427 042c 061338E3 		.long	-482864378
 1428 0430 BBD6BA14 		.long	347788987
 1429 0434 C2C76DC9 		.long	-915552318
 1430 0438 B6543B33 		.long	859526326
 1431 043c FA7CE49B 		.long	-1679524614
 1432 0440 9992CF1D 		.long	500142745
 1433 0444 995FEAE7 		.long	-404070503
 1434 0448 CDEA8FB3 		.long	-1282413875
 1435 044c F7E2CFC3 		.long	-1009786121
 1436 0450 22E8875B 		.long	1535633442
 1437 0454 56ABC539 		.long	969255766
 1438 0458 8FA1F418 		.long	418685327
 1439 045c 9C4D482D 		.long	759713180
 1440 0460 19D56341 		.long	1097061657
 1441 0464 989E7679 		.long	2037816984
 1442 0468 F0678AF5 		.long	-175478800
 1443 046c 020C5940 		.long	1079577602
 1444 0470 C0719631 		.long	831943104
 1445 0474 3A136B26 		.long	644551482
 1446 0478 87B281AF 		.long	-1350454649
 1447 047c 37F7316A 		.long	1781659447
 1448 0480 9701BCE3 		.long	-474218089
 1449 0484 13990755 		.long	1426561299
 1450 0488 96C6729F 		.long	-1619868010
 1451 048c C8003E36 		.long	910033096
 1452 0490 47391553 		.long	1393899847
 1453 0494 7F12FDEB 		.long	-335736193
 1454 0498 1905F600 		.long	16123161
 1455 049c 2AB6A646 		.long	1185330730
 1456 04a0 8033B893 		.long	-1816644736
 1457 04a4 2493E23F 		.long	1071813412
 1458 04a8 9170C6DF 		.long	-540643183
 1459 04ac 6D38620F 		.long	258095213
 1460 04b0 795E37DC 		.long	-600351111
 1461 04b4 3E3FEA8F 		.long	-1880473794
 1462 04b8 D06384DF 		.long	-544971824
 1463 04bc 7BFA0237 		.long	922942075
 1464 04c0 5E435439 		.long	961823582
 1465 04c4 48A6CA87 		.long	-2016762296
 1466 04c8 EE8B15A9 		.long	-1458205714
 1467 04cc 250CF308 		.long	150146085
 1468 04d0 3629B866 		.long	1723345206
 1469 04d4 EB3FFCE7 		.long	-402898965
 1470 04d8 50543C18 		.long	406606928
 1471 04dc 4543EFD7 		.long	-672185531
 1472 04e0 63798C79 		.long	2039249251
 1473 04e4 57F52CC0 		.long	-1070795433
 1474 04e8 D1538509 		.long	159732689
 1475 04ec AA1243FA 		.long	-96267606
 1476 04f0 83F89EE2 		.long	-492898173
 1477 04f4 8D12AF7C 		.long	2091848333
 1478 04f8 7DA0B374 		.long	1957929085
 1479 04fc 00000000 		.space 896
 1479      00000000 
 1479      00000000 
 1479      00000000 
 1479      00000000 
 1480              		.align 4
 1481              	LC1:
 1482 087c 00007A44 		.long	1148846080
 1483              		.align 4
 1484              	LC2:
 1485 0880 0000C851 		.long	1372061696
 1486              		.align 4
 1487              	LC3:
 1488 0884 00008030 		.long	813694976
 1489              		.align 4
 1490              	LC4:
 1491 0888 286B6E4E 		.long	1315859240
 1492              		.ident	"GCC: (i686-posix-sjlj-rev2, Built by MinGW-W64 project) 4.9.2"
DEFINED SYMBOLS
                            *ABS*:0000000000000000 main.cpp
  M:\Temp\ccgRYaHk.s:6      .text:0000000000000000 __Z11farsh_keyedPKvjS0_
  M:\Temp\ccgRYaHk.s:387    .text:0000000000000460 __Z13farsh_keyed_nPKvjS0_iPv
  M:\Temp\ccgRYaHk.s:585    .text:0000000000000700 __Z7farsh_nPKvjiiPv
  M:\Temp\ccgRYaHk.s:1191   .rdata:0000000000000080 __ZL10FARSH_KEYS
  M:\Temp\ccgRYaHk.s:785    .text:00000000000009b0 __Z5farshPKvj
  M:\Temp\ccgRYaHk.s:808    .text.startup:0000000000000000 _main
  M:\Temp\ccgRYaHk.s:1188   .bss:0000000000000000 __ZZ4mainE4data

UNDEFINED SYMBOLS
___main
__imp__QueryPerformanceFrequency@4
__imp__QueryPerformanceCounter@4
_printf
